---
To: maria@accendo.edu
Subject: Accendo LMS — Password reset instructions
Time: 2025-11-11T02:22:32+08:00

Hello Maria,

We received a request to reset your password. Click the link below to choose a new password (this link expires in 1 hour):

http://localhost/accendo_2nd/Auth/reset_password.php?token=6744c290d92ae9877b9866082de91c3e76f4bef84a30be1d3acbd4dbd6cf4db3

If you didn't request this, you can ignore this message.

---
To: maria@accendo.edu
Subject: Accendo LMS — Password reset instructions
Time: 2025-11-11T02:22:52+08:00

Hello Maria,

We received a request to reset your password. Click the link below to choose a new password (this link expires in 1 hour):

http://localhost/accendo_2nd/Auth/reset_password.php?token=a2830b5ca11af23b5171ae5f2b170bfda4d508ee47f5d3fd5b2efdffa205d037

If you didn't request this, you can ignore this message.

---
To: maria@accendo.edu
Subject: Accendo LMS — Password reset instructions
Time: 2025-11-11T02:22:56+08:00

Hello Maria,

We received a request to reset your password. Click the link below to choose a new password (this link expires in 1 hour):

http://localhost/accendo_2nd/Auth/reset_password.php?token=56cca42e1be95df38efebe901e7c0a93a1552d248c84c43b8f5964965233b836

If you didn't request this, you can ignore this message.

---
To: maria@accendo.edu
Subject: Accendo LMS — Password reset instructions
Time: 2025-11-11T02:26:47+08:00

Hello Maria,

We received a request to reset your password. Click the link below to choose a new password (this link expires in 1 hour):

http://localhost/accendo_2nd/Auth/reset_password.php?token=9cddfa96525e186b0d4e54e8b7fd43a0804593913b08995f08ae332905116655

If you didn't request this, you can ignore this message.

---
To: maria@accendo.edu
Subject: Accendo LMS — Password reset instructions
Time: 2025-11-11T02:29:25+08:00

Hello Maria,

We received a request to reset your password. Click the link below to choose a new password (this link expires in 1 hour):

http://localhost/accendo_2nd/Auth/reset_password.php?token=4ccc153eb95331a83c05def831f12547e554b4378de585fcbc83f74bc39dd9ec

If you didn't request this, you can ignore this message.

---
To: maria@accendo.edu
Subject: Accendo LMS — Password reset instructions
Time: 2025-11-11T02:29:30+08:00

Hello Maria,

We received a request to reset your password. Click the link below to choose a new password (this link expires in 1 hour):

http://localhost/accendo_2nd/Auth/reset_password.php?token=4bc5e258f908add902ffd2aa79aa33c112839766cd3f80f0fd517d28113fafc3

If you didn't request this, you can ignore this message.

---
To: juan@accendo.edu
Subject: Accendo LMS — Password reset instructions
Time: 2025-11-14T22:45:50+08:00

Hello Venus,

We received a request to reset your password. Click the link below to choose a new password (this link expires in 1 hour):

http://localhost/accendo_2nd/Auth/reset_password.php?token=9943cc2564db86ada694f59406f96e8ec6e28227afb84ef0004e7934b277d992

If you didn't request this, you can ignore this message.

